/home/vidyav2/miniconda3/envs/wmnew/lib/python3.12/site-packages/gym/utils/passive_env_checker.py:233: DeprecationWarning: `np.bool8` is a deprecated alias for `np.bool_`.  (Deprecated NumPy 1.24)
  if not isinstance(terminated, (bool, np.bool8)):
Process Process-9:
Traceback (most recent call last):
  File "/home/vidyav2/miniconda3/envs/wmnew/lib/python3.12/multiprocessing/process.py", line 314, in _bootstrap
    self.run()
  File "/home/vidyav2/miniconda3/envs/wmnew/lib/python3.12/multiprocessing/process.py", line 108, in run
    self._target(*self._args, **self._kwargs)
  File "/mnt/c/Users/Vidyavarshini/WorldModels_2.0/traincontroller.py", line 84, in slave_routine
    r_queue.put((s_id, r_gen.rollout(params)))
                       ^^^^^^^^^^^^^^^^^^^^^
  File "/mnt/c/Users/Vidyavarshini/WorldModels_2.0/utils/misc.py", line 228, in rollout
    obs, reward, done, _, _ = self.env.step(action)
                              ^^^^^^^^^^^^^^^^^^^^^
  File "/home/vidyav2/miniconda3/envs/wmnew/lib/python3.12/site-packages/gym/wrappers/time_limit.py", line 50, in step
    observation, reward, terminated, truncated, info = self.env.step(action)
                                                       ^^^^^^^^^^^^^^^^^^^^^
  File "/home/vidyav2/miniconda3/envs/wmnew/lib/python3.12/site-packages/gym/wrappers/order_enforcing.py", line 37, in step
    return self.env.step(action)
           ^^^^^^^^^^^^^^^^^^^^^
  File "/home/vidyav2/miniconda3/envs/wmnew/lib/python3.12/site-packages/gym/wrappers/env_checker.py", line 39, in step
    return self.env.step(action)
           ^^^^^^^^^^^^^^^^^^^^^
  File "/home/vidyav2/miniconda3/envs/wmnew/lib/python3.12/site-packages/gym/envs/box2d/car_racing.py", line 541, in step
    self.state = self._render("state_pixels")
                 ^^^^^^^^^^^^^^^^^^^^^^^^^^^^
  File "/home/vidyav2/miniconda3/envs/wmnew/lib/python3.12/site-packages/gym/envs/box2d/car_racing.py", line 603, in _render
    self._render_road(zoom, trans, angle)
  File "/home/vidyav2/miniconda3/envs/wmnew/lib/python3.12/site-packages/gym/envs/box2d/car_racing.py", line 674, in _render_road
    self._draw_colored_polygon(self.surf, poly, color, zoom, translation, angle)
  File "/home/vidyav2/miniconda3/envs/wmnew/lib/python3.12/site-packages/gym/envs/box2d/car_racing.py", line 744, in _draw_colored_polygon
    def _draw_colored_polygon(
    
KeyboardInterrupt
