/home/vidyav2/miniconda3/envs/wmnew/lib/python3.12/site-packages/gym/utils/passive_env_checker.py:233: DeprecationWarning: `np.bool8` is a deprecated alias for `np.bool_`.  (Deprecated NumPy 1.24)
  if not isinstance(terminated, (bool, np.bool8)):
Process Process-8:
Traceback (most recent call last):
  File "/home/vidyav2/miniconda3/envs/wmnew/lib/python3.12/multiprocessing/process.py", line 314, in _bootstrap
    self.run()
  File "/home/vidyav2/miniconda3/envs/wmnew/lib/python3.12/multiprocessing/process.py", line 108, in run
    self._target(*self._args, **self._kwargs)
  File "/mnt/c/Users/Vidyavarshini/WorldModels_2.0/traincontroller.py", line 85, in slave_routine
    r_queue.put((s_id, r_gen.rollout(params)))
                       ^^^^^^^^^^^^^^^^^^^^^
  File "/mnt/c/Users/Vidyavarshini/WorldModels_2.0/utils/misc.py", line 227, in rollout
    action, hidden = self.get_action_and_transition(obs, hidden)
                     ^^^^^^^^^^^^^^^^^^^^^^^^^^^^^^^^^^^^^^^^^^^
  File "/mnt/c/Users/Vidyavarshini/WorldModels_2.0/utils/misc.py", line 195, in get_action_and_transition
    _, _, _, _, _, next_hidden = self.mdrnn(action, latent_mu, hidden)
                                 ^^^^^^^^^^^^^^^^^^^^^^^^^^^^^^^^^^^^^
  File "/home/vidyav2/miniconda3/envs/wmnew/lib/python3.12/site-packages/torch/nn/modules/module.py", line 1532, in _wrapped_call_impl
    return self._call_impl(*args, **kwargs)
           ^^^^^^^^^^^^^^^^^^^^^^^^^^^^^^^^
  File "/home/vidyav2/miniconda3/envs/wmnew/lib/python3.12/site-packages/torch/nn/modules/module.py", line 1541, in _call_impl
    return forward_call(*args, **kwargs)
           ^^^^^^^^^^^^^^^^^^^^^^^^^^^^^
  File "/mnt/c/Users/Vidyavarshini/WorldModels_2.0/models/mdrnn.py", line 135, in forward
    out_full = self.gmm_linear(out_rnn)
               ^^^^^^^^^^^^^^^^^^^^^^^^
  File "/home/vidyav2/miniconda3/envs/wmnew/lib/python3.12/site-packages/torch/nn/modules/module.py", line 1532, in _wrapped_call_impl
    return self._call_impl(*args, **kwargs)
           ^^^^^^^^^^^^^^^^^^^^^^^^^^^^^^^^
  File "/home/vidyav2/miniconda3/envs/wmnew/lib/python3.12/site-packages/torch/nn/modules/module.py", line 1541, in _call_impl
    return forward_call(*args, **kwargs)
           ^^^^^^^^^^^^^^^^^^^^^^^^^^^^^
  File "/mnt/c/Users/Vidyavarshini/WorldModels_2.0/noisy_layer.py", line 38, in forward
    bias = self.bias_mu + self.bias_sigma * self.bias_epsilon
           ^^^^^^^^^^^^
  File "/home/vidyav2/miniconda3/envs/wmnew/lib/python3.12/site-packages/torch/nn/modules/module.py", line 1696, in __getattr__
    def __getattr__(self, name: str) -> Any:
    
KeyboardInterrupt
