/home/vidyav2/miniconda3/envs/wmnew/lib/python3.12/site-packages/gym/utils/passive_env_checker.py:233: DeprecationWarning: `np.bool8` is a deprecated alias for `np.bool_`.  (Deprecated NumPy 1.24)
  if not isinstance(terminated, (bool, np.bool8)):
Process Process-30:
Traceback (most recent call last):
  File "/home/vidyav2/miniconda3/envs/wmnew/lib/python3.12/multiprocessing/process.py", line 314, in _bootstrap
    self.run()
  File "/home/vidyav2/miniconda3/envs/wmnew/lib/python3.12/multiprocessing/process.py", line 108, in run
    self._target(*self._args, **self._kwargs)
  File "/mnt/c/Users/Vidyavarshini/WorldModels_2.0/traincontroller.py", line 85, in slave_routine
    r_queue.put((s_id, r_gen.rollout(params)))
                       ^^^^^^^^^^^^^^^^^^^^^
  File "/mnt/c/Users/Vidyavarshini/WorldModels_2.0/utils/misc.py", line 228, in rollout
    obs, reward, done, _, _ = self.env.step(action)
                              ^^^^^^^^^^^^^^^^^^^^^
  File "/home/vidyav2/miniconda3/envs/wmnew/lib/python3.12/site-packages/gym/wrappers/time_limit.py", line 50, in step
    observation, reward, terminated, truncated, info = self.env.step(action)
                                                       ^^^^^^^^^^^^^^^^^^^^^
  File "/home/vidyav2/miniconda3/envs/wmnew/lib/python3.12/site-packages/gym/wrappers/order_enforcing.py", line 37, in step
    return self.env.step(action)
           ^^^^^^^^^^^^^^^^^^^^^
  File "/home/vidyav2/miniconda3/envs/wmnew/lib/python3.12/site-packages/gym/wrappers/env_checker.py", line 39, in step
    return self.env.step(action)
           ^^^^^^^^^^^^^^^^^^^^^
  File "/home/vidyav2/miniconda3/envs/wmnew/lib/python3.12/site-packages/gym/envs/box2d/car_racing.py", line 541, in step
    self.state = self._render("state_pixels")
                 ^^^^^^^^^^^^^^^^^^^^^^^^^^^^
  File "/home/vidyav2/miniconda3/envs/wmnew/lib/python3.12/site-packages/gym/envs/box2d/car_racing.py", line 617, in _render
    font = pygame.font.Font(pygame.font.get_default_font(), 42)
           ^^^^^^^^^^^^^^^^^^^^^^^^^^^^^^^^^^^^^^^^^^^^^^^^^^^^
  File "/home/vidyav2/miniconda3/envs/wmnew/lib/python3.12/site-packages/pygame/pkgdata.py", line 65, in getResource
    if resource_exists(pkgname, identifier):
       ^^^^^^^^^^^^^^^^^^^^^^^^^^^^^^^^^^^^
  File "/home/vidyav2/miniconda3/envs/wmnew/lib/python3.12/site-packages/pkg_resources/__init__.py", line 1173, in resource_exists
    return get_provider(package_or_requirement).has_resource(resource_name)
           ^^^^^^^^^^^^^^^^^^^^^^^^^^^^^^^^^^^^
  File "/home/vidyav2/miniconda3/envs/wmnew/lib/python3.12/site-packages/pkg_resources/__init__.py", line 391, in get_provider
    return _find_adapter(_provider_factories, loader)(module)
           ^^^^^^^^^^^^^^^^^^^^^^^^^^^^^^^^^^^^^^^^^^^^^^^^^^
  File "/home/vidyav2/miniconda3/envs/wmnew/lib/python3.12/site-packages/pkg_resources/__init__.py", line 1664, in __init__
    super().__init__(module)
  File "/home/vidyav2/miniconda3/envs/wmnew/lib/python3.12/site-packages/pkg_resources/__init__.py", line 1460, in __init__
    self.module_path = os.path.dirname(getattr(module, '__file__', ''))
                       ^^^^^^^^^^^^^^^^^^^^^^^^^^^^^^^^^^^^^^^^^^^^^^^^
  File "<frozen posixpath>", line 186, in dirname
KeyboardInterrupt
